# JRE version: OpenJDK Runtime Environment (11.0.13) (build 11.0.13+0-b1751.21-8125866)
# Java VM: OpenJDK 64-Bit Server VM (11.0.13+0-b1751.21-8125866, mixed mode, tiered, compressed oops, g1 gc, windows-amd64)
Heap:
 garbage-first heap   total 312320K, used 236740K [0x00000000a0000000, 0x0000000100000000)
  region size 1024K, 12 young (12288K), 4 survivors (4096K)
 Metaspace       used 90190K, capacity 97450K, committed 98048K, reserved 1134592K
  class space    used 11597K, capacity 13344K, committed 13568K, reserved 1048576K
GC Heap History (20 events):
Event: 11.359 GC heap before
{Heap before GC invocations=24 (full 0):
 garbage-first heap   total 312320K, used 259477K [0x00000000a0000000, 0x0000000100000000)
  region size 1024K, 50 young (51200K), 8 survivors (8192K)
 Metaspace       used 86422K, capacity 93417K, committed 93440K, reserved 1130496K
  class space    used 11165K, capacity 12798K, committed 12800K, reserved 1048576K
}
Event: 11.368 GC heap after
{Heap after GC invocations=25 (full 0):
 garbage-first heap   total 312320K, used 215503K [0x00000000a0000000, 0x0000000100000000)
  region size 1024K, 7 young (7168K), 7 survivors (7168K)
 Metaspace       used 86422K, capacity 93417K, committed 93440K, reserved 1130496K
  class space    used 11165K, capacity 12798K, committed 12800K, reserved 1048576K
}
Event: 31.800 GC heap before
{Heap before GC invocations=25 (full 0):
 garbage-first heap   total 312320K, used 255439K [0x00000000a0000000, 0x0000000100000000)
  region size 1024K, 47 young (48128K), 7 survivors (7168K)
 Metaspace       used 87136K, capacity 94147K, committed 94464K, reserved 1130496K
  class space    used 11284K, capacity 12957K, committed 13056K, reserved 1048576K
}
Event: 31.810 GC heap after
{Heap after GC invocations=26 (full 0):
 garbage-first heap   total 312320K, used 218156K [0x00000000a0000000, 0x0000000100000000)
  region size 1024K, 3 young (3072K), 3 survivors (3072K)
 Metaspace       used 87136K, capacity 94147K, committed 94464K, reserved 1130496K
  class space    used 11284K, capacity 12957K, committed 13056K, reserved 1048576K
}
Event: 32.997 GC heap before
{Heap before GC invocations=27 (full 0):
 garbage-first heap   total 312320K, used 265260K [0x00000000a0000000, 0x0000000100000000)
  region size 1024K, 43 young (44032K), 3 survivors (3072K)
 Metaspace       used 88359K, capacity 95600K, committed 95744K, reserved 1132544K
  class space    used 11470K, capacity 13218K, committed 13312K, reserved 1048576K
}
Event: 33.004 GC heap after
{Heap after GC invocations=28 (full 0):
 garbage-first heap   total 312320K, used 219656K [0x00000000a0000000, 0x0000000100000000)
  region size 1024K, 5 young (5120K), 5 survivors (5120K)
 Metaspace       used 88359K, capacity 95600K, committed 95744K, reserved 1132544K
  class space    used 11470K, capacity 13218K, committed 13312K, reserved 1048576K
}
Event: 33.129 GC heap before
{Heap before GC invocations=28 (full 0):
 garbage-first heap   total 312320K, used 260616K [0x00000000a0000000, 0x0000000100000000)
  region size 1024K, 46 young (47104K), 5 survivors (5120K)
 Metaspace       used 88670K, capacity 95905K, committed 96000K, reserved 1132544K
  class space    used 11517K, capacity 13289K, committed 13312K, reserved 1048576K
}
Event: 33.138 GC heap after
{Heap after GC invocations=29 (full 0):
 garbage-first heap   total 312320K, used 222397K [0x00000000a0000000, 0x0000000100000000)
  region size 1024K, 6 young (6144K), 6 survivors (6144K)
 Metaspace       used 88670K, capacity 95905K, committed 96000K, reserved 1132544K
  class space    used 11517K, capacity 13289K, committed 13312K, reserved 1048576K
}
Event: 33.591 GC heap before
{Heap before GC invocations=30 (full 0):
 garbage-first heap   total 312320K, used 262333K [0x00000000a0000000, 0x0000000100000000)
  region size 1024K, 46 young (47104K), 6 survivors (6144K)
 Metaspace       used 88859K, capacity 96129K, committed 96256K, reserved 1132544K
  class space    used 11518K, capacity 13289K, committed 13312K, reserved 1048576K
}
Event: 33.598 GC heap after
{Heap after GC invocations=31 (full 0):
 garbage-first heap   total 312320K, used 224854K [0x00000000a0000000, 0x0000000100000000)
  region size 1024K, 5 young (5120K), 5 survivors (5120K)
 Metaspace       used 88859K, capacity 96129K, committed 96256K, reserved 1132544K
  class space    used 11518K, capacity 13289K, committed 13312K, reserved 1048576K
}
Event: 33.648 GC heap before
{Heap before GC invocations=31 (full 0):
 garbage-first heap   total 312320K, used 234070K [0x00000000a0000000, 0x0000000100000000)
  region size 1024K, 15 young (15360K), 5 survivors (5120K)
 Metaspace       used 88907K, capacity 96208K, committed 96256K, reserved 1132544K
  class space    used 11522K, capacity 13293K, committed 13312K, reserved 1048576K
}
Event: 33.652 GC heap after
{Heap after GC invocations=32 (full 0):
 garbage-first heap   total 312320K, used 224743K [0x00000000a0000000, 0x0000000100000000)
  region size 1024K, 1 young (1024K), 1 survivors (1024K)
 Metaspace       used 88907K, capacity 96208K, committed 96256K, reserved 1132544K
  class space    used 11522K, capacity 13293K, committed 13312K, reserved 1048576K
}
Event: 34.294 GC heap before
{Heap before GC invocations=32 (full 0):
 garbage-first heap   total 312320K, used 264679K [0x00000000a0000000, 0x0000000100000000)
  region size 1024K, 41 young (41984K), 1 survivors (1024K)
 Metaspace       used 89871K, capacity 97263K, committed 97536K, reserved 1132544K
  class space    used 11639K, capacity 13468K, committed 13568K, reserved 1048576K
}
Event: 34.300 GC heap after
{Heap after GC invocations=33 (full 0):
 garbage-first heap   total 312320K, used 226503K [0x00000000a0000000, 0x0000000100000000)
  region size 1024K, 3 young (3072K), 3 survivors (3072K)
 Metaspace       used 89871K, capacity 97263K, committed 97536K, reserved 1132544K
  class space    used 11639K, capacity 13468K, committed 13568K, reserved 1048576K
}
Event: 36.043 GC heap before
{Heap before GC invocations=34 (full 0):
 garbage-first heap   total 312320K, used 267463K [0x00000000a0000000, 0x0000000100000000)
  region size 1024K, 43 young (44032K), 3 survivors (3072K)
 Metaspace       used 89775K, capacity 96968K, committed 97536K, reserved 1132544K
  class space    used 11563K, capacity 13321K, committed 13568K, reserved 1048576K
}
Event: 36.048 GC heap after
{Heap after GC invocations=35 (full 0):
 garbage-first heap   total 312320K, used 228981K [0x00000000a0000000, 0x0000000100000000)
  region size 1024K, 6 young (6144K), 6 survivors (6144K)
 Metaspace       used 89775K, capacity 96968K, committed 97536K, reserved 1132544K
  class space    used 11563K, capacity 13321K, committed 13568K, reserved 1048576K
}
Event: 36.062 GC heap before
{Heap before GC invocations=35 (full 0):
 garbage-first heap   total 312320K, used 237173K [0x00000000a0000000, 0x0000000100000000)
  region size 1024K, 15 young (15360K), 6 survivors (6144K)
 Metaspace       used 89786K, capacity 96971K, committed 97536K, reserved 1132544K
  class space    used 11563K, capacity 13321K, committed 13568K, reserved 1048576K
}
Event: 36.069 GC heap after
{Heap after GC invocations=36 (full 0):
 garbage-first heap   total 312320K, used 228617K [0x00000000a0000000, 0x0000000100000000)
  region size 1024K, 2 young (2048K), 2 survivors (2048K)
 Metaspace       used 89786K, capacity 96971K, committed 97536K, reserved 1132544K
  class space    used 11563K, capacity 13321K, committed 13568K, reserved 1048576K
}
Event: 36.745 GC heap before
{Heap before GC invocations=36 (full 0):
 garbage-first heap   total 312320K, used 267529K [0x00000000a0000000, 0x0000000100000000)
  region size 1024K, 41 young (41984K), 2 survivors (2048K)
 Metaspace       used 90032K, capacity 97237K, committed 97792K, reserved 1134592K
  class space    used 11575K, capacity 13338K, committed 13568K, reserved 1048576K
}
Event: 36.751 GC heap after
{Heap after GC invocations=37 (full 0):
 garbage-first heap   total 312320K, used 230596K [0x00000000a0000000, 0x0000000100000000)
  region size 1024K, 4 young (4096K), 4 survivors (4096K)
 Metaspace       used 90032K, capacity 97237K, committed 97792K, reserved 1134592K
  class space    used 11575K, capacity 13338K, committed 13568K, reserved 1048576K
}

